<?xml version="1.0" encoding="UTF-8"?>
<Site BuildName="Darwin-clang++"
	BuildStamp="20240117-0820-Experimental"
	Name="MacBook-Pro-Taya.local"
	Generator="ctest-3.28.1"
	CompilerName="/usr/bin/clang++"
	CompilerVersion="14.0.0.14000029"
	OSName="macOS"
	Hostname="MacBook-Pro-Taya.local"
	OSRelease="12.6.2"
	OSVersion="21G320"
	OSPlatform="x86_64"
	Is64Bits="1"
	VendorString="GenuineIntel"
	VendorID="Intel Corporation"
	FamilyID="6"
	ModelID="142"
	ProcessorCacheSize="32768"
	NumberOfLogicalCPU="4"
	NumberOfPhysicalCPU="2"
	TotalVirtualMemory="5120"
	TotalPhysicalMemory="8192"
	LogicalProcessorsPerPhysical="8"
	ProcessorClockFrequency="2300"
	>
	<Testing>
		<StartDateTime>Jan 17 11:20 MSK</StartDateTime>
		<StartTestTime>1705479656</StartTestTime>
		<TestList/>
		<EndDateTime>Jan 17 11:20 MSK</EndDateTime>
		<EndTestTime>1705479656</EndTestTime>
		<ElapsedMinutes>0</ElapsedMinutes>
	</Testing>
</Site>
